app/build/outputs/logs/manifest-merger-debug-report.txt
-- Merging decision tree log ---
manifest
ADDED from src/main/AndroidManifest.xml:20:1-231:12
	package
		ADDED from src/main/AndroidManifest.xml:22:5-33
		INJECTED from src/main/AndroidManifest.xml
		INJECTED from src/main/AndroidManifest.xml
	xmlns:android
		ADDED from src/main/AndroidManifest.xml:21:5-63
uses-sdk
ADDED from src/main/AndroidManifest.xml:23:5-73
MERGED from [Launcher3:wallpaperPicker:unspecified] AndroidManifest.xml:6:5-8:41
MERGED from [com.android.support:support-v4:26.0.0-alpha1] AndroidManifest.xml:21:5-23:54
MERGED from [com.android.support:support-media-compat:26.0.0-alpha1] AndroidManifest.xml:21:5-23:63
MERGED from [com.android.support:support-fragment:26.0.0-alpha1] AndroidManifest.xml:21:5-23:60
MERGED from [com.android.support:support-core-ui:26.0.0-alpha1] AndroidManifest.xml:21:5-23:58
MERGED from [com.android.support:support-core-utils:26.0.0-alpha1] AndroidManifest.xml:21:5-23:61
MERGED from [com.android.support:support-compat:26.0.0-alpha1] AndroidManifest.xml:21:5-23:58
	tools:overrideLibrary
		ADDED from [com.android.support:support-v4:26.0.0-alpha1] AndroidManifest.xml:23:9-51
	android:targetSdkVersion
		ADDED from src/main/AndroidManifest.xml:23:15-44
		INJECTED from src/main/AndroidManifest.xml
		INJECTED from src/main/AndroidManifest.xml
	android:minSdkVersion
		ADDED from src/main/AndroidManifest.xml:23:45-71
		INJECTED from src/main/AndroidManifest.xml
		INJECTED from src/main/AndroidManifest.xml
permission#com.android.launcher.permission.INSTALL_SHORTCUT
ADDED from src/main/AndroidManifest.xml:25:5-30:67
	android:label
		ADDED from src/main/AndroidManifest.xml:29:9-57
	android:protectionLevel
		ADDED from src/main/AndroidManifest.xml:28:9-44
	android:permissionGroup
		ADDED from src/main/AndroidManifest.xml:27:9-72
	android:description
		ADDED from src/main/AndroidManifest.xml:30:9-64
	android:name
		ADDED from src/main/AndroidManifest.xml:26:9-72
permission#com.android.launcher.permission.UNINSTALL_SHORTCUT
ADDED from src/main/AndroidManifest.xml:31:5-36:68
	android:label
		ADDED from src/main/AndroidManifest.xml:35:9-59
	android:protectionLevel
		ADDED from src/main/AndroidManifest.xml:34:9-44
	android:permissionGroup
		ADDED from src/main/AndroidManifest.xml:33:9-72
	android:description
		ADDED from src/main/AndroidManifest.xml:36:9-66
	android:name
		ADDED from src/main/AndroidManifest.xml:32:9-74
permission#com.android.launch.permission.READ_SETTINGS
ADDED from src/main/AndroidManifest.xml:37:5-42:63
	android:label
		ADDED from src/main/AndroidManifest.xml:41:9-54
	android:protectionLevel
		ADDED from src/main/AndroidManifest.xml:40:9-41
	android:permissionGroup
		ADDED from src/main/AndroidManifest.xml:39:9-72
	android:description
		ADDED from src/main/AndroidManifest.xml:42:9-61
	android:name
		ADDED from src/main/AndroidManifest.xml:38:9-67
permission#com.android.launch.permission.WRITE_SETTINGS
ADDED from src/main/AndroidManifest.xml:43:5-48:64
	android:label
		ADDED from src/main/AndroidManifest.xml:47:9-55
	android:protectionLevel
		ADDED from src/main/AndroidManifest.xml:46:9-52
	android:permissionGroup
		ADDED from src/main/AndroidManifest.xml:45:9-72
	android:description
		ADDED from src/main/AndroidManifest.xml:48:9-62
	android:name
		ADDED from src/main/AndroidManifest.xml:44:9-68
permission#com.android.launch.permission.RECEIVE_LAUNCH_BROADCASTS
ADDED from src/main/AndroidManifest.xml:49:5-52:11
	android:protectionLevel
		ADDED from src/main/AndroidManifest.xml:51:9-44
	android:name
		ADDED from src/main/AndroidManifest.xml:50:9-79
permission#com.android.launch.permission.RECEIVE_FIRST_LOAD_BROADCAST
ADDED from src/main/AndroidManifest.xml:53:5-55:55
	android:protectionLevel
		ADDED from src/main/AndroidManifest.xml:55:9-52
	android:name
		ADDED from src/main/AndroidManifest.xml:54:9-82
uses-permission#android.permission.CALL_PHONE
ADDED from src/main/AndroidManifest.xml:57:5-69
	android:name
		ADDED from src/main/AndroidManifest.xml:57:22-66
uses-permission#android.permission.SET_WALLPAPER
ADDED from src/main/AndroidManifest.xml:58:5-72
	android:name
		ADDED from src/main/AndroidManifest.xml:58:22-69
uses-permission#android.permission.SET_WALLPAPER_HINTS
ADDED from src/main/AndroidManifest.xml:59:5-78
	android:name
		ADDED from src/main/AndroidManifest.xml:59:22-75
uses-permission#android.permission.VIBRATE
ADDED from src/main/AndroidManifest.xml:60:5-66
	android:name
		ADDED from src/main/AndroidManifest.xml:60:22-63
uses-permission#android.permission.BIND_APPWIDGET
ADDED from src/main/AndroidManifest.xml:61:5-73
	android:name
		ADDED from src/main/AndroidManifest.xml:61:22-70
uses-permission#android.permission.GET_ACCOUNTS
ADDED from src/main/AndroidManifest.xml:62:5-71
	android:name
		ADDED from src/main/AndroidManifest.xml:62:22-68
uses-permission#android.permission.READ_EXTERNAL_STORAGE
ADDED from src/main/AndroidManifest.xml:63:5-80
	android:name
		ADDED from src/main/AndroidManifest.xml:63:22-77
uses-permission#android.permission.BROADCAST_STICKY
ADDED from src/main/AndroidManifest.xml:64:5-74
	android:name
		ADDED from src/main/AndroidManifest.xml:64:22-72
uses-permission#android.permission.RECEIVE_BOOT_COMPLETED
ADDED from src/main/AndroidManifest.xml:65:5-81
	android:name
		ADDED from src/main/AndroidManifest.xml:65:22-78
uses-permission#com.android.launcher.permission.READ_SETTINGS
ADDED from src/main/AndroidManifest.xml:66:5-85
	android:name
		ADDED from src/main/AndroidManifest.xml:66:22-82
uses-permission#com.android.launcher.permission.WRITE_SETTINGS
ADDED from src/main/AndroidManifest.xml:67:5-86
	android:name
		ADDED from src/main/AndroidManifest.xml:67:22-83
uses-permission#com.android.launcher3.permission.READ_SETTINGS
ADDED from src/main/AndroidManifest.xml:68:5-86
	android:name
		ADDED from src/main/AndroidManifest.xml:68:22-83
uses-permission#com.android.launcher3.permission.WRITE_SETTINGS
ADDED from src/main/AndroidManifest.xml:69:5-87
	android:name
		ADDED from src/main/AndroidManifest.xml:69:22-84
uses-permission#com.android.launcher3.permission.RECEIVE_LAUNCH_BROADCASTS
ADDED from src/main/AndroidManifest.xml:70:5-98
	android:name
		ADDED from src/main/AndroidManifest.xml:70:22-95
uses-permission#com.android.launcher3.permission.RECEIVE_FIRST_LOAD_BROADCAST
ADDED from src/main/AndroidManifest.xml:71:5-101
	android:name
		ADDED from src/main/AndroidManifest.xml:71:22-98
application
ADDED from src/main/AndroidManifest.xml:73:5-230:19
MERGED from [com.android.support:support-v4:26.0.0-alpha1] AndroidManifest.xml:29:5-20
MERGED from [com.android.support:support-media-compat:26.0.0-alpha1] AndroidManifest.xml:29:5-20
MERGED from [com.android.support:support-fragment:26.0.0-alpha1] AndroidManifest.xml:29:5-20
MERGED from [com.android.support:support-core-ui:26.0.0-alpha1] AndroidManifest.xml:29:5-20
MERGED from [com.android.support:support-core-utils:26.0.0-alpha1] AndroidManifest.xml:29:5-20
MERGED from [com.android.support:support-compat:26.0.0-alpha1] AndroidManifest.xml:29:5-20
	android:backupAgent
		ADDED from src/main/AndroidManifest.xml:76:9-57
	android:label
		ADDED from src/main/AndroidManifest.xml:79:9-49
	android:supportsRtl
		ADDED from src/main/AndroidManifest.xml:82:9-35
	android:hardwareAccelerated
		ADDED from src/main/AndroidManifest.xml:77:9-43
	android:allowBackup
		ADDED from src/main/AndroidManifest.xml:75:9-50
	android:icon
		ADDED from src/main/AndroidManifest.xml:78:9-48
	android:largeHeap
		ADDED from src/main/AndroidManifest.xml:80:9-51
	android:restoreAnyVersion
		ADDED from src/main/AndroidManifest.xml:81:9-41
	android:name
		ADDED from src/main/AndroidManifest.xml:74:9-44
activity#com.android.launch.Launcher
ADDED from src/main/AndroidManifest.xml:84:9-100:20
	android:clearTaskOnLaunch
		ADDED from src/main/AndroidManifest.xml:87:13-45
	android:screenOrientation
		ADDED from src/main/AndroidManifest.xml:91:13-49
	android:stateNotNeeded
		ADDED from src/main/AndroidManifest.xml:88:13-42
	android:launchMode
		ADDED from src/main/AndroidManifest.xml:86:13-44
	android:windowSoftInputMode
		ADDED from src/main/AndroidManifest.xml:90:13-52
	android:theme
		ADDED from src/main/AndroidManifest.xml:89:13-41
	android:name
		ADDED from src/main/AndroidManifest.xml:85:13-37
intent-filter#android.intent.action.MAIN+android.intent.category.DEFAULT+android.intent.category.HOME+android.intent.category.LAUNCHER+android.intent.category.MONKEY
ADDED from src/main/AndroidManifest.xml:92:13-99:29
action#android.intent.action.MAIN
ADDED from src/main/AndroidManifest.xml:93:17-69
	android:name
		ADDED from src/main/AndroidManifest.xml:93:25-66
category#android.intent.category.HOME
ADDED from src/main/AndroidManifest.xml:94:17-73
	android:name
		ADDED from src/main/AndroidManifest.xml:94:27-70
category#android.intent.category.DEFAULT
ADDED from src/main/AndroidManifest.xml:95:17-76
	android:name
		ADDED from src/main/AndroidManifest.xml:95:27-73
category#android.intent.category.MONKEY
ADDED from src/main/AndroidManifest.xml:96:17-74
	android:name
		ADDED from src/main/AndroidManifest.xml:96:27-72
category#android.intent.category.LAUNCHER
ADDED from src/main/AndroidManifest.xml:97:17-77
	android:name
		ADDED from src/main/AndroidManifest.xml:97:27-74
activity#com.android.launch.ToggleWeightWatcher
ADDED from src/main/AndroidManifest.xml:102:9-113:20
	android:enabled
		ADDED from src/main/AndroidManifest.xml:105:13-57
	android:label
		ADDED from src/main/AndroidManifest.xml:104:13-58
	android:icon
		ADDED from src/main/AndroidManifest.xml:106:13-52
	android:name
		ADDED from src/main/AndroidManifest.xml:103:13-48
intent-filter#android.intent.category.DEFAULT+android.intent.category.LAUNCHER
ADDED from src/main/AndroidManifest.xml:108:13-112:29
activity#com.android.launch.LauncherWallpaperPickerActivity
ADDED from src/main/AndroidManifest.xml:115:9-126:20
	android:finishOnCloseSystemDialogs
		ADDED from src/main/AndroidManifest.xml:120:13-54
	android:process
		ADDED from src/main/AndroidManifest.xml:121:13-49
	android:label
		ADDED from src/main/AndroidManifest.xml:118:13-51
	android:icon
		ADDED from src/main/AndroidManifest.xml:119:13-57
	android:theme
		ADDED from src/main/AndroidManifest.xml:117:13-57
	android:name
		ADDED from src/main/AndroidManifest.xml:116:13-60
intent-filter#android.intent.action.SET_WALLPAPER+android.intent.category.DEFAULT
ADDED from src/main/AndroidManifest.xml:122:13-125:29
action#android.intent.action.SET_WALLPAPER
ADDED from src/main/AndroidManifest.xml:123:17-78
	android:name
		ADDED from src/main/AndroidManifest.xml:123:25-75
activity#com.android.launch.WallpaperCropActivity
ADDED from src/main/AndroidManifest.xml:128:9-140:20
	android:finishOnCloseSystemDialogs
		ADDED from src/main/AndroidManifest.xml:133:13-54
	android:process
		ADDED from src/main/AndroidManifest.xml:134:13-49
	android:label
		ADDED from src/main/AndroidManifest.xml:131:13-51
	android:icon
		ADDED from src/main/AndroidManifest.xml:132:13-57
	android:theme
		ADDED from src/main/AndroidManifest.xml:130:13-58
	android:name
		ADDED from src/main/AndroidManifest.xml:129:13-50
intent-filter#android.intent.category.DEFAULT+android.service.wallpaper.CROP_AND_SET_WALLPAPER
ADDED from src/main/AndroidManifest.xml:135:13-139:29
action#android.service.wallpaper.CROP_AND_SET_WALLPAPER
ADDED from src/main/AndroidManifest.xml:136:17-91
	android:name
		ADDED from src/main/AndroidManifest.xml:136:25-88
data
ADDED from src/main/AndroidManifest.xml:138:17-52
	android:mimeType
		ADDED from src/main/AndroidManifest.xml:138:23-49
activity#com.android.launch.MemoryDumpActivity
ADDED from src/main/AndroidManifest.xml:143:9-157:20
	android:enabled
		ADDED from src/main/AndroidManifest.xml:147:13-57
	android:label
		ADDED from src/main/AndroidManifest.xml:146:13-58
	android:excludeFromRecents
		ADDED from src/main/AndroidManifest.xml:148:13-46
	android:icon
		ADDED from src/main/AndroidManifest.xml:149:13-52
	android:theme
		ADDED from src/main/AndroidManifest.xml:145:13-59
	android:name
		ADDED from src/main/AndroidManifest.xml:144:13-47
service#com.android.launch.MemoryTracker
ADDED from src/main/AndroidManifest.xml:159:9-162:19
	android:enabled
		ADDED from src/main/AndroidManifest.xml:160:13-57
	android:name
		ADDED from src/main/AndroidManifest.xml:159:18-47
receiver#com.android.launch.WallpaperChangedReceiver
ADDED from src/main/AndroidManifest.xml:164:9-169:20
	android:name
		ADDED from src/main/AndroidManifest.xml:165:13-53
intent-filter#android.intent.action.WALLPAPER_CHANGED
ADDED from src/main/AndroidManifest.xml:166:13-168:29
action#android.intent.action.WALLPAPER_CHANGED
ADDED from src/main/AndroidManifest.xml:167:17-82
	android:name
		ADDED from src/main/AndroidManifest.xml:167:25-79
receiver#com.android.launch.InstallShortcutReceiver
ADDED from src/main/AndroidManifest.xml:172:9-178:20
	android:permission
		ADDED from src/main/AndroidManifest.xml:174:13-82
	android:name
		ADDED from src/main/AndroidManifest.xml:173:13-52
intent-filter#com.android.launcher.action.INSTALL_SHORTCUT
ADDED from src/main/AndroidManifest.xml:175:13-177:29
action#com.android.launcher.action.INSTALL_SHORTCUT
ADDED from src/main/AndroidManifest.xml:176:17-87
	android:name
		ADDED from src/main/AndroidManifest.xml:176:25-84
receiver#com.android.launch.UninstallShortcutReceiver
ADDED from src/main/AndroidManifest.xml:181:9-187:20
	android:permission
		ADDED from src/main/AndroidManifest.xml:183:13-84
	android:name
		ADDED from src/main/AndroidManifest.xml:182:13-54
intent-filter#com.android.launcher.action.UNINSTALL_SHORTCUT
ADDED from src/main/AndroidManifest.xml:184:13-186:29
action#com.android.launcher.action.UNINSTALL_SHORTCUT
ADDED from src/main/AndroidManifest.xml:185:17-89
	android:name
		ADDED from src/main/AndroidManifest.xml:185:25-86
receiver#com.android.launch.AppWidgetsRestoredReceiver
ADDED from src/main/AndroidManifest.xml:190:9-194:20
	android:name
		ADDED from src/main/AndroidManifest.xml:190:19-61
intent-filter#android.appwidget.action.APPWIDGET_HOST_RESTORED
ADDED from src/main/AndroidManifest.xml:191:13-193:29
action#android.appwidget.action.APPWIDGET_HOST_RESTORED
ADDED from src/main/AndroidManifest.xml:192:17-90
	android:name
		ADDED from src/main/AndroidManifest.xml:192:25-88
receiver#com.android.launch.UserInitializeReceiver
ADDED from src/main/AndroidManifest.xml:197:9-203:20
	android:exported
		ADDED from src/main/AndroidManifest.xml:199:13-37
	android:name
		ADDED from src/main/AndroidManifest.xml:198:13-51
intent-filter#android.intent.action.USER_INITIALIZE
ADDED from src/main/AndroidManifest.xml:200:13-202:29
action#android.intent.action.USER_INITIALIZE
ADDED from src/main/AndroidManifest.xml:201:17-80
	android:name
		ADDED from src/main/AndroidManifest.xml:201:25-77
receiver#com.android.launch.PackageChangedReceiver
ADDED from src/main/AndroidManifest.xml:205:9-212:20
	android:name
		ADDED from src/main/AndroidManifest.xml:205:19-57
intent-filter#android.intent.action.PACKAGE_CHANGED+android.intent.action.PACKAGE_REMOVED+android.intent.action.PACKAGE_REPLACED
ADDED from src/main/AndroidManifest.xml:206:13-211:29
action#android.intent.action.PACKAGE_CHANGED
ADDED from src/main/AndroidManifest.xml:207:17-79
	android:name
		ADDED from src/main/AndroidManifest.xml:207:25-77
action#android.intent.action.PACKAGE_REPLACED
ADDED from src/main/AndroidManifest.xml:208:17-80
	android:name
		ADDED from src/main/AndroidManifest.xml:208:25-78
action#android.intent.action.PACKAGE_REMOVED
ADDED from src/main/AndroidManifest.xml:209:17-79
	android:name
		ADDED from src/main/AndroidManifest.xml:209:25-77
receiver#com.android.launch.StartupReceiver
ADDED from src/main/AndroidManifest.xml:214:9-218:20
	android:name
		ADDED from src/main/AndroidManifest.xml:214:19-50
intent-filter#android.intent.action.BOOT_COMPLETED
ADDED from src/main/AndroidManifest.xml:215:13-217:29
action#android.intent.action.BOOT_COMPLETED
ADDED from src/main/AndroidManifest.xml:216:17-79
	android:name
		ADDED from src/main/AndroidManifest.xml:216:25-76
provider#com.android.launch.LauncherProvider
ADDED from src/main/AndroidManifest.xml:221:9-226:87
	android:readPermission
		ADDED from src/main/AndroidManifest.xml:226:13-84
	android:authorities
		ADDED from src/main/AndroidManifest.xml:223:13-62
	android:exported
		ADDED from src/main/AndroidManifest.xml:224:13-36
	android:name
		ADDED from src/main/AndroidManifest.xml:222:13-45
	android:writePermission
		ADDED from src/main/AndroidManifest.xml:225:13-86
meta-data#android.nfc.disable_beam_default
ADDED from src/main/AndroidManifest.xml:228:9-229:47
	android:value
		ADDED from src/main/AndroidManifest.xml:229:24-44
	android:name
		ADDED from src/main/AndroidManifest.xml:228:20-67
meta-data#android.support.VERSION
ADDED from [com.android.support:support-v4:26.0.0-alpha1] AndroidManifest.xml:25:5-27:41
MERGED from [com.android.support:support-media-compat:26.0.0-alpha1] AndroidManifest.xml:25:5-27:41
MERGED from [com.android.support:support-fragment:26.0.0-alpha1] AndroidManifest.xml:25:5-27:41
MERGED from [com.android.support:support-core-ui:26.0.0-alpha1] AndroidManifest.xml:25:5-27:41
MERGED from [com.android.support:support-core-utils:26.0.0-alpha1] AndroidManifest.xml:25:5-27:41
MERGED from [com.android.support:support-compat:26.0.0-alpha1] AndroidManifest.xml:25:5-27:41
	android:value
		ADDED from [com.android.support:support-v4:26.0.0-alpha1] AndroidManifest.xml:27:9-38
	android:name
		ADDED from [com.android.support:support-v4:26.0.0-alpha1] AndroidManifest.xml:26:9-47